# FEDCBAGHIJKLZYXWVUTS
.i 6
.o 8
.p 38
010101 00000100
01001- 00000100
01100- 00001000
100-10 00010000
-00110 00100000
10111- 01000000
01010- 00001000
10-111 01000000
011-11 00010000
0111-1 00100000
01011- 00010000
000--0 00000001
11-1-1 00010000
01-111 00001000
1010-- 00100000
1000-- 00010000
010-0- 00000010
--1100 00010000
011--0 00001000
00-111 00110000
-0-011 00001000
1--011 00001000
10-10- 00100000
-0-101 00001000
1--101 00001000
0-111- 00100000
00-10- 00010000
11-10- 00010000
11-11- 00100000
-011-1 00010000
111--- 10000000
110--- 01000000
001--- 00000010
0-0--1 00000010
----10 00000100
--1--1 00000001
1----1 00000001
-1---1 00000001
.e
